<?xml version="1.0" encoding="UTF-8"?>
<!-- Generated by org.testng.reporters.JUnitReportReporter -->
<testsuite hostname="Krishnas-MacBook-Pro.local" failures="0" tests="1" name="ListUsersTest" time="3.340" errors="0" timestamp="2021-05-28T14:45:16 IST" skipped="0">
  <testcase classname="ListUsersTest" name="getUsers" time="3.340"/>
  <system-out/>
</testsuite> <!-- ListUsersTest -->
